<?xml version="1.0" encoding="UTF-8"?>
<!-- Generated by org.testng.reporters.JUnitXMLReporter -->
<testsuite ignored="0" hostname="TVDI-040" failures="0" tests="5" name="Default test" time="7.824" errors="0" timestamp="2023-07-14T09:39:27 IST">
  <testcase classname="com.git.GitAPI" name="getUser" time="3.973"/>
  <testcase classname="com.git.GitAPI" name="getRepo" time="0.645"/>
  <testcase classname="com.git.GitAPI" name="create" time="1.137"/>
  <testcase classname="com.git.GitAPI" name="update" time="0.761"/>
  <testcase classname="com.git.GitAPI" name="delete" time="0.571"/>
</testsuite> <!-- Default test -->
