<?xml version="1.0" encoding="UTF-8"?>
<!-- Generated by org.testng.reporters.JUnitXMLReporter -->
<testsuite ignored="0" hostname="TVDI-040" failures="0" tests="5" name="Default test" time="8.048" errors="0" timestamp="2023-07-19T17:19:28 IST">
  <testcase classname="com.git.GitAPI" name="getUser" time="3.813"/>
  <testcase classname="com.git.GitAPI" name="getRepo" time="0.685"/>
  <testcase classname="com.git.GitAPI" name="create" time="1.205"/>
  <testcase classname="com.git.GitAPI" name="update" time="0.773"/>
  <testcase classname="com.git.GitAPI" name="delete" time="0.656"/>
</testsuite> <!-- Default test -->
