<?xml version="1.0" encoding="UTF-8"?>
<testng-results ignored="0" total="5" passed="5" failed="0" skipped="0">
  <reporter-output>
  </reporter-output>
  <suite started-at="2023-07-19T17:19:20 IST" name="Default suite" finished-at="2023-07-19T17:19:28 IST" duration-ms="8048">
    <groups>
    </groups>
    <test started-at="2023-07-19T17:19:20 IST" name="Default test" finished-at="2023-07-19T17:19:28 IST" duration-ms="8048">
      <class name="com.git.GitAPI">
        <test-method is-config="true" signature="beforeMethod()[pri:0, instance:com.git.GitAPI@58d75e99]" started-at="2023-07-19T17:19:20 IST" name="beforeMethod" finished-at="2023-07-19T17:19:21 IST" duration-ms="753" status="PASS">
          <reporter-output>
          </reporter-output>
        </test-method> <!-- beforeMethod -->
        <test-method signature="getUser()[pri:0, instance:com.git.GitAPI@58d75e99]" started-at="2023-07-19T17:19:21 IST" name="getUser" finished-at="2023-07-19T17:19:25 IST" duration-ms="3813" status="PASS">
          <reporter-output>
          </reporter-output>
        </test-method> <!-- getUser -->
        <test-method is-config="true" signature="beforeMethod()[pri:0, instance:com.git.GitAPI@58d75e99]" started-at="2023-07-19T17:19:25 IST" name="beforeMethod" finished-at="2023-07-19T17:19:25 IST" duration-ms="0" status="PASS">
          <reporter-output>
          </reporter-output>
        </test-method> <!-- beforeMethod -->
        <test-method signature="getRepo()[pri:1, instance:com.git.GitAPI@58d75e99]" started-at="2023-07-19T17:19:25 IST" name="getRepo" finished-at="2023-07-19T17:19:26 IST" duration-ms="685" status="PASS">
          <reporter-output>
          </reporter-output>
        </test-method> <!-- getRepo -->
        <test-method is-config="true" signature="beforeMethod()[pri:0, instance:com.git.GitAPI@58d75e99]" started-at="2023-07-19T17:19:26 IST" name="beforeMethod" finished-at="2023-07-19T17:19:26 IST" duration-ms="1" status="PASS">
          <reporter-output>
          </reporter-output>
        </test-method> <!-- beforeMethod -->
        <test-method signature="create()[pri:2, instance:com.git.GitAPI@58d75e99]" started-at="2023-07-19T17:19:26 IST" name="create" finished-at="2023-07-19T17:19:27 IST" duration-ms="1205" status="PASS">
          <reporter-output>
          </reporter-output>
        </test-method> <!-- create -->
        <test-method is-config="true" signature="beforeMethod()[pri:0, instance:com.git.GitAPI@58d75e99]" started-at="2023-07-19T17:19:27 IST" name="beforeMethod" finished-at="2023-07-19T17:19:27 IST" duration-ms="1" status="PASS">
          <reporter-output>
          </reporter-output>
        </test-method> <!-- beforeMethod -->
        <test-method signature="update()[pri:3, instance:com.git.GitAPI@58d75e99]" started-at="2023-07-19T17:19:27 IST" name="update" finished-at="2023-07-19T17:19:28 IST" duration-ms="773" status="PASS">
          <reporter-output>
          </reporter-output>
        </test-method> <!-- update -->
        <test-method is-config="true" signature="beforeMethod()[pri:0, instance:com.git.GitAPI@58d75e99]" started-at="2023-07-19T17:19:28 IST" name="beforeMethod" finished-at="2023-07-19T17:19:28 IST" duration-ms="8" status="PASS">
          <reporter-output>
          </reporter-output>
        </test-method> <!-- beforeMethod -->
        <test-method signature="delete()[pri:4, instance:com.git.GitAPI@58d75e99]" started-at="2023-07-19T17:19:28 IST" name="delete" finished-at="2023-07-19T17:19:28 IST" duration-ms="656" status="PASS">
          <reporter-output>
          </reporter-output>
        </test-method> <!-- delete -->
      </class> <!-- com.git.GitAPI -->
    </test> <!-- Default test -->
  </suite> <!-- Default suite -->
</testng-results>
