<?xml version="1.0" encoding="UTF-8"?>
<testng-results ignored="0" total="5" passed="5" failed="0" skipped="0">
  <reporter-output>
  </reporter-output>
  <suite started-at="2023-07-14T09:39:19 IST" name="Default suite" finished-at="2023-07-14T09:39:27 IST" duration-ms="7824">
    <groups>
    </groups>
    <test started-at="2023-07-14T09:39:19 IST" name="Default test" finished-at="2023-07-14T09:39:27 IST" duration-ms="7824">
      <class name="com.git.GitAPI">
        <test-method is-config="true" signature="beforeMethod()[pri:0, instance:com.git.GitAPI@58d75e99]" started-at="2023-07-14T09:39:20 IST" name="beforeMethod" finished-at="2023-07-14T09:39:20 IST" duration-ms="604" status="PASS">
          <reporter-output>
          </reporter-output>
        </test-method> <!-- beforeMethod -->
        <test-method signature="getUser()[pri:0, instance:com.git.GitAPI@58d75e99]" started-at="2023-07-14T09:39:20 IST" name="getUser" finished-at="2023-07-14T09:39:24 IST" duration-ms="3973" status="PASS">
          <reporter-output>
          </reporter-output>
        </test-method> <!-- getUser -->
        <test-method signature="getRepo()[pri:1, instance:com.git.GitAPI@58d75e99]" started-at="2023-07-14T09:39:24 IST" name="getRepo" finished-at="2023-07-14T09:39:25 IST" duration-ms="645" status="PASS">
          <reporter-output>
          </reporter-output>
        </test-method> <!-- getRepo -->
        <test-method is-config="true" signature="beforeMethod()[pri:0, instance:com.git.GitAPI@58d75e99]" started-at="2023-07-14T09:39:24 IST" name="beforeMethod" finished-at="2023-07-14T09:39:24 IST" duration-ms="0" status="PASS">
          <reporter-output>
          </reporter-output>
        </test-method> <!-- beforeMethod -->
        <test-method is-config="true" signature="beforeMethod()[pri:0, instance:com.git.GitAPI@58d75e99]" started-at="2023-07-14T09:39:25 IST" name="beforeMethod" finished-at="2023-07-14T09:39:25 IST" duration-ms="1" status="PASS">
          <reporter-output>
          </reporter-output>
        </test-method> <!-- beforeMethod -->
        <test-method signature="create()[pri:2, instance:com.git.GitAPI@58d75e99]" started-at="2023-07-14T09:39:25 IST" name="create" finished-at="2023-07-14T09:39:26 IST" duration-ms="1137" status="PASS">
          <reporter-output>
          </reporter-output>
        </test-method> <!-- create -->
        <test-method is-config="true" signature="beforeMethod()[pri:0, instance:com.git.GitAPI@58d75e99]" started-at="2023-07-14T09:39:26 IST" name="beforeMethod" finished-at="2023-07-14T09:39:26 IST" duration-ms="12" status="PASS">
          <reporter-output>
          </reporter-output>
        </test-method> <!-- beforeMethod -->
        <test-method signature="update()[pri:3, instance:com.git.GitAPI@58d75e99]" started-at="2023-07-14T09:39:26 IST" name="update" finished-at="2023-07-14T09:39:27 IST" duration-ms="761" status="PASS">
          <reporter-output>
          </reporter-output>
        </test-method> <!-- update -->
        <test-method is-config="true" signature="beforeMethod()[pri:0, instance:com.git.GitAPI@58d75e99]" started-at="2023-07-14T09:39:27 IST" name="beforeMethod" finished-at="2023-07-14T09:39:27 IST" duration-ms="0" status="PASS">
          <reporter-output>
          </reporter-output>
        </test-method> <!-- beforeMethod -->
        <test-method signature="delete()[pri:4, instance:com.git.GitAPI@58d75e99]" started-at="2023-07-14T09:39:27 IST" name="delete" finished-at="2023-07-14T09:39:27 IST" duration-ms="571" status="PASS">
          <reporter-output>
          </reporter-output>
        </test-method> <!-- delete -->
      </class> <!-- com.git.GitAPI -->
    </test> <!-- Default test -->
  </suite> <!-- Default suite -->
</testng-results>
